<?xml version="1.0" encoding="UTF-8"?>
<!-- Generated by org.testng.reporters.JUnitReportReporter -->
<testsuite skipped="0" hostname="DESKTOP-S4HJIK7" name="com.testvagrant.main.Sample" tests="1" failures="0" timestamp="07 Jun 2022 20:05:55 GMT" time="0.263" errors="0">
  <testcase name="validateRcbTeam" time="0.263" classname="com.testvagrant.main.Sample"/>
</testsuite> <!-- com.testvagrant.main.Sample -->
