<?xml version="1.0" encoding="UTF-8"?>
<!-- Generated by org.testng.reporters.JUnitReportReporter -->
<testsuite skipped="0" hostname="DESKTOP-S4HJIK7" name="com.testvagrant.main.RCBteam" tests="1" failures="0" timestamp="09 Jun 2022 12:35:00 GMT" time="0.277" errors="0">
  <testcase name="validateRcbTeam" time="0.277" classname="com.testvagrant.main.RCBteam"/>
</testsuite> <!-- com.testvagrant.main.RCBteam -->
